Command line:
   CPU_tf_isim_beh.exe
     -simmode  gui
     -simrunnum  0
     -socket  59007

Mon May 02 22:15:57 2016


 Elaboration Time: 0.03125 sec

 Current Memory Usage: 838.435 Meg

 Total Signals          : 79
 Total Nets             : 326
 Total Signal Drivers   : 32
 Total Blocks           : 10
 Total Primitive Blocks : 8
 Total Processes        : 48
 Total Traceable Variables  : 49
 Total Scalar Nets and Variables : 19178
Total Line Count : 224
Total Line Count : 224

 Total Simulation Time: 1.375 sec

 Current Memory Usage: 681.148 Meg

Mon May 02 22:20:44 2016

